[debug] [2021-12-16T11:04:38.225Z] ----------------------------------------------------------------------
[debug] [2021-12-16T11:04:38.227Z] Command:       C:\Program Files (x86)\nodejs\node.exe C:\Users\yuens\AppData\Roaming\npm\node_modules\firebase-tools\lib\bin\firebase.js emulators:start
[debug] [2021-12-16T11:04:38.227Z] CLI Version:   10.0.0
[debug] [2021-12-16T11:04:38.227Z] Platform:      win32
[debug] [2021-12-16T11:04:38.227Z] Node Version:  v14.17.0
[debug] [2021-12-16T11:04:38.228Z] Time:          Thu Dec 16 2021 19:04:38 GMT+0800 (Singapore Standard Time)
[debug] [2021-12-16T11:04:38.228Z] ----------------------------------------------------------------------
[debug] 
[debug] [2021-12-16T11:04:38.280Z] > command requires scopes: ["email","openid","https://www.googleapis.com/auth/cloudplatformprojects.readonly","https://www.googleapis.com/auth/firebase","https://www.googleapis.com/auth/cloud-platform"]
[debug] [2021-12-16T11:04:38.281Z] > authorizing via signed-in user (shaunyuencw@gmail.com)
[info] i  emulators: Starting emulators: functions {"metadata":{"emulator":{"name":"hub"},"message":"Starting emulators: functions"}}
[debug] [2021-12-16T11:04:38.316Z] [hub] writing locator at C:\Users\yuens\AppData\Local\Temp\hub-xtremetictactoe-b3a67.json
[warn] !  functions: The following emulators are not running, calls to these services from the Functions emulator will affect production: auth, firestore, database, hosting, pubsub, storage {"metadata":{"emulator":{"name":"functions"},"message":"The following emulators are not running, calls to these services from the Functions emulator will affect production: \u001b[1mauth, firestore, database, hosting, pubsub, storage\u001b[22m"}}
[warn] !  Your requested "node" version "16" doesn't match your global version "14" {"metadata":{"emulator":{"name":"functions"},"message":"Your requested \"node\" version \"16\" doesn't match your global version \"14\""}}
[debug] [2021-12-16T11:04:38.356Z] defaultcredentials: writing to file C:\Users\yuens\AppData\Roaming\firebase\shaunyuencw_gmail_com_application_default_credentials.json
[debug] [2021-12-16T11:04:38.376Z] Setting GAC to C:\Users\yuens\AppData\Roaming\firebase\shaunyuencw_gmail_com_application_default_credentials.json {"metadata":{"emulator":{"name":"functions"},"message":"Setting GAC to C:\\Users\\yuens\\AppData\\Roaming\\firebase\\shaunyuencw_gmail_com_application_default_credentials.json"}}
[debug] [2021-12-16T11:04:38.379Z] >>> [apiv2][query] GET https://firebase.googleapis.com/v1beta1/projects/xtremetictactoe-b3a67/adminSdkConfig [none]
[debug] [2021-12-16T11:04:38.669Z] <<< [apiv2][status] GET https://firebase.googleapis.com/v1beta1/projects/xtremetictactoe-b3a67/adminSdkConfig 200
[debug] [2021-12-16T11:04:38.669Z] <<< [apiv2][body] GET https://firebase.googleapis.com/v1beta1/projects/xtremetictactoe-b3a67/adminSdkConfig {"projectId":"xtremetictactoe-b3a67","databaseURL":"https://xtremetictactoe-b3a67-default-rtdb.asia-southeast1.firebasedatabase.app","storageBucket":"xtremetictactoe-b3a67.appspot.com","locationId":"asia-southeast1"}
[debug] [2021-12-16T11:04:38.684Z] Ignoring unsupported arg: auto_download {"metadata":{"emulator":{"name":"ui"},"message":"Ignoring unsupported arg: auto_download"}}
[debug] [2021-12-16T11:04:38.684Z] Ignoring unsupported arg: port {"metadata":{"emulator":{"name":"ui"},"message":"Ignoring unsupported arg: port"}}
[debug] [2021-12-16T11:04:38.684Z] Starting Emulator UI with command {"binary":"node","args":["C:\\Users\\yuens\\.cache\\firebase\\emulators\\ui-v1.6.4\\server.bundle.js"],"optionalArgs":[],"joinArgs":false} {"metadata":{"emulator":{"name":"ui"},"message":"Starting Emulator UI with command {\"binary\":\"node\",\"args\":[\"C:\\\\Users\\\\yuens\\\\.cache\\\\firebase\\\\emulators\\\\ui-v1.6.4\\\\server.bundle.js\"],\"optionalArgs\":[],\"joinArgs\":false}"}}
[info] i  ui: Emulator UI logging to ui-debug.log {"metadata":{"emulator":{"name":"ui"},"message":"Emulator UI logging to \u001b[1mui-debug.log\u001b[22m"}}
[debug] [2021-12-16T11:04:38.788Z] Web / API server started at localhost:4000
 {"metadata":{"emulator":{"name":"ui"},"message":"Web / API server started at localhost:4000\n"}}
[info] i  functions: Watching "C:\Users\yuens\Desktop\NTU School\Kotlin\XtremeTicTacToe\Firebase\functions" for Cloud Functions... {"metadata":{"emulator":{"name":"functions"},"message":"Watching \"C:\\Users\\yuens\\Desktop\\NTU School\\Kotlin\\XtremeTicTacToe\\Firebase\\functions\" for Cloud Functions..."}}
[debug] [2021-12-16T11:04:38.969Z] [worker-pool] addWorker(~diagnostic~) {"metadata":{"emulator":{"name":"functions"},"message":"[worker-pool] addWorker(~diagnostic~)"}}
[debug] [2021-12-16T11:04:38.969Z] [worker-pool] Adding worker with key ~diagnostic~, total=1 {"metadata":{"emulator":{"name":"functions"},"message":"[worker-pool] Adding worker with key ~diagnostic~, total=1"}}
[debug] [2021-12-16T11:04:38.969Z] [worker-pool] submitWork(triggerId=) {"metadata":{"emulator":{"name":"functions"},"message":"[worker-pool] submitWork(triggerId=)"}}
[debug] [2021-12-16T11:04:38.969Z] [worker-~diagnostic~-c96a26e7-ac58-4186-b631-f93e25b55ea0]: Assigning socketPath: \\?\pipe\C:\Users\yuens\Desktop\NTU School\Kotlin\XtremeTicTacToe\Firebase\functions\24020 {"metadata":{"emulator":{"name":"functions"},"message":"[worker-~diagnostic~-c96a26e7-ac58-4186-b631-f93e25b55ea0]: Assigning socketPath: \\\\?\\pipe\\C:\\Users\\yuens\\Desktop\\NTU School\\Kotlin\\XtremeTicTacToe\\Firebase\\functions\\24020"}}
[debug] [2021-12-16T11:04:38.970Z] [worker-~diagnostic~-c96a26e7-ac58-4186-b631-f93e25b55ea0]: BUSY {"metadata":{"emulator":{"name":"functions"},"message":"[worker-~diagnostic~-c96a26e7-ac58-4186-b631-f93e25b55ea0]: BUSY"}}
[debug] [2021-12-16T11:04:39.153Z] [runtime-status] [24020] Functions runtime initialized. {"cwd":"C:\\Users\\yuens\\Desktop\\NTU School\\Kotlin\\XtremeTicTacToe\\Firebase\\functions","node_version":"14.17.0"} {"metadata":{"emulator":{"name":"functions"},"message":"[runtime-status] [24020] Functions runtime initialized. {\"cwd\":\"C:\\\\Users\\\\yuens\\\\Desktop\\\\NTU School\\\\Kotlin\\\\XtremeTicTacToe\\\\Firebase\\\\functions\",\"node_version\":\"14.17.0\"}"}}
[debug] [2021-12-16T11:04:39.153Z] [runtime-status] [24020] Disabled runtime features: undefined {"metadata":{"emulator":{"name":"functions"},"message":"[runtime-status] [24020] Disabled runtime features: undefined"}}
[debug] [2021-12-16T11:04:39.156Z] [runtime-status] [24020] Resolved module firebase-admin {"declared":true,"installed":true,"version":"9.12.0","resolution":"C:\\Users\\yuens\\Desktop\\NTU School\\Kotlin\\XtremeTicTacToe\\Firebase\\functions\\node_modules\\firebase-admin\\lib\\index.js"} {"metadata":{"emulator":{"name":"functions"},"message":"[runtime-status] [24020] Resolved module firebase-admin {\"declared\":true,\"installed\":true,\"version\":\"9.12.0\",\"resolution\":\"C:\\\\Users\\\\yuens\\\\Desktop\\\\NTU School\\\\Kotlin\\\\XtremeTicTacToe\\\\Firebase\\\\functions\\\\node_modules\\\\firebase-admin\\\\lib\\\\index.js\"}"}}
[debug] [2021-12-16T11:04:39.159Z] [runtime-status] [24020] Resolved module firebase-functions {"declared":true,"installed":true,"version":"3.16.0","resolution":"C:\\Users\\yuens\\Desktop\\NTU School\\Kotlin\\XtremeTicTacToe\\Firebase\\functions\\node_modules\\firebase-functions\\lib\\index.js"} {"metadata":{"emulator":{"name":"functions"},"message":"[runtime-status] [24020] Resolved module firebase-functions {\"declared\":true,\"installed\":true,\"version\":\"3.16.0\",\"resolution\":\"C:\\\\Users\\\\yuens\\\\Desktop\\\\NTU School\\\\Kotlin\\\\XtremeTicTacToe\\\\Firebase\\\\functions\\\\node_modules\\\\firebase-functions\\\\lib\\\\index.js\"}"}}
[debug] [2021-12-16T11:04:39.160Z] [runtime-status] [24020] Outgoing network have been stubbed. [{"name":"http","status":"mocked"},{"name":"http","status":"mocked"},{"name":"https","status":"mocked"},{"name":"https","status":"mocked"},{"name":"net","status":"mocked"}] {"metadata":{"emulator":{"name":"functions"},"message":"[runtime-status] [24020] Outgoing network have been stubbed. [{\"name\":\"http\",\"status\":\"mocked\"},{\"name\":\"http\",\"status\":\"mocked\"},{\"name\":\"https\",\"status\":\"mocked\"},{\"name\":\"https\",\"status\":\"mocked\"},{\"name\":\"net\",\"status\":\"mocked\"}]"}}
[debug] [2021-12-16T11:04:39.161Z] [runtime-status] [24020] Resolved module firebase-functions {"declared":true,"installed":true,"version":"3.16.0","resolution":"C:\\Users\\yuens\\Desktop\\NTU School\\Kotlin\\XtremeTicTacToe\\Firebase\\functions\\node_modules\\firebase-functions\\lib\\index.js"} {"metadata":{"emulator":{"name":"functions"},"message":"[runtime-status] [24020] Resolved module firebase-functions {\"declared\":true,\"installed\":true,\"version\":\"3.16.0\",\"resolution\":\"C:\\\\Users\\\\yuens\\\\Desktop\\\\NTU School\\\\Kotlin\\\\XtremeTicTacToe\\\\Firebase\\\\functions\\\\node_modules\\\\firebase-functions\\\\lib\\\\index.js\"}"}}
[debug] [2021-12-16T11:04:39.207Z] [runtime-status] [24020] Checked functions.config() {"config":{}} {"metadata":{"emulator":{"name":"functions"},"message":"[runtime-status] [24020] Checked functions.config() {\"config\":{}}"}}
[debug] [2021-12-16T11:04:39.207Z] [runtime-status] [24020] firebase-functions has been stubbed. {"functionsResolution":{"declared":true,"installed":true,"version":"3.16.0","resolution":"C:\\Users\\yuens\\Desktop\\NTU School\\Kotlin\\XtremeTicTacToe\\Firebase\\functions\\node_modules\\firebase-functions\\lib\\index.js"}} {"metadata":{"emulator":{"name":"functions"},"message":"[runtime-status] [24020] firebase-functions has been stubbed. {\"functionsResolution\":{\"declared\":true,\"installed\":true,\"version\":\"3.16.0\",\"resolution\":\"C:\\\\Users\\\\yuens\\\\Desktop\\\\NTU School\\\\Kotlin\\\\XtremeTicTacToe\\\\Firebase\\\\functions\\\\node_modules\\\\firebase-functions\\\\lib\\\\index.js\"}}"}}
[debug] [2021-12-16T11:04:39.208Z] [runtime-status] [24020] Resolved module firebase-functions {"declared":true,"installed":true,"version":"3.16.0","resolution":"C:\\Users\\yuens\\Desktop\\NTU School\\Kotlin\\XtremeTicTacToe\\Firebase\\functions\\node_modules\\firebase-functions\\lib\\index.js"} {"metadata":{"emulator":{"name":"functions"},"message":"[runtime-status] [24020] Resolved module firebase-functions {\"declared\":true,\"installed\":true,\"version\":\"3.16.0\",\"resolution\":\"C:\\\\Users\\\\yuens\\\\Desktop\\\\NTU School\\\\Kotlin\\\\XtremeTicTacToe\\\\Firebase\\\\functions\\\\node_modules\\\\firebase-functions\\\\lib\\\\index.js\"}"}}
[debug] [2021-12-16T11:04:39.209Z] [runtime-status] [24020] Resolved module firebase-admin {"declared":true,"installed":true,"version":"9.12.0","resolution":"C:\\Users\\yuens\\Desktop\\NTU School\\Kotlin\\XtremeTicTacToe\\Firebase\\functions\\node_modules\\firebase-admin\\lib\\index.js"} {"metadata":{"emulator":{"name":"functions"},"message":"[runtime-status] [24020] Resolved module firebase-admin {\"declared\":true,\"installed\":true,\"version\":\"9.12.0\",\"resolution\":\"C:\\\\Users\\\\yuens\\\\Desktop\\\\NTU School\\\\Kotlin\\\\XtremeTicTacToe\\\\Firebase\\\\functions\\\\node_modules\\\\firebase-admin\\\\lib\\\\index.js\"}"}}
[debug] [2021-12-16T11:04:39.210Z] [runtime-status] [24020] Resolved module firebase-functions {"declared":true,"installed":true,"version":"3.16.0","resolution":"C:\\Users\\yuens\\Desktop\\NTU School\\Kotlin\\XtremeTicTacToe\\Firebase\\functions\\node_modules\\firebase-functions\\lib\\index.js"} {"metadata":{"emulator":{"name":"functions"},"message":"[runtime-status] [24020] Resolved module firebase-functions {\"declared\":true,\"installed\":true,\"version\":\"3.16.0\",\"resolution\":\"C:\\\\Users\\\\yuens\\\\Desktop\\\\NTU School\\\\Kotlin\\\\XtremeTicTacToe\\\\Firebase\\\\functions\\\\node_modules\\\\firebase-functions\\\\lib\\\\index.js\"}"}}
[debug] [2021-12-16T11:04:39.210Z] [runtime-status] [24020] firebase-admin has been stubbed. {"adminResolution":{"declared":true,"installed":true,"version":"9.12.0","resolution":"C:\\Users\\yuens\\Desktop\\NTU School\\Kotlin\\XtremeTicTacToe\\Firebase\\functions\\node_modules\\firebase-admin\\lib\\index.js"}} {"metadata":{"emulator":{"name":"functions"},"message":"[runtime-status] [24020] firebase-admin has been stubbed. {\"adminResolution\":{\"declared\":true,\"installed\":true,\"version\":\"9.12.0\",\"resolution\":\"C:\\\\Users\\\\yuens\\\\Desktop\\\\NTU School\\\\Kotlin\\\\XtremeTicTacToe\\\\Firebase\\\\functions\\\\node_modules\\\\firebase-admin\\\\lib\\\\index.js\"}}"}}
[debug] [2021-12-16T11:04:39.212Z] [runtime-status] [24020] initializeApp(DEFAULT) {"storageBucket":"xtremetictactoe-b3a67.appspot.com","databaseURL":"https://xtremetictactoe-b3a67-default-rtdb.asia-southeast1.firebasedatabase.app","projectId":"xtremetictactoe-b3a67"} {"metadata":{"emulator":{"name":"functions"},"message":"[runtime-status] [24020] initializeApp(DEFAULT) {\"storageBucket\":\"xtremetictactoe-b3a67.appspot.com\",\"databaseURL\":\"https://xtremetictactoe-b3a67-default-rtdb.asia-southeast1.firebasedatabase.app\",\"projectId\":\"xtremetictactoe-b3a67\"}"}}
[info] +  functions[us-central1-helloWorld]: http function initialized (http://localhost:5001/xtremetictactoe-b3a67/us-central1/helloWorld). {"metadata":{"emulator":{"name":"functions"},"message":"\u001b[1mhttp\u001b[22m function initialized (http://localhost:5001/xtremetictactoe-b3a67/us-central1/helloWorld)."}}
[debug] [2021-12-16T11:04:39.215Z] addAuthTrigger {"eventTrigger":{"resource":"projects/xtremetictactoe-b3a67","eventType":"providers/firebase.auth/eventTypes/user.create","service":"firebaseauth.googleapis.com"}}
[info] +  functions[us-central1-addUserToFirestore]: auth function initialized. {"metadata":{"emulator":{"name":"functions"},"message":"\u001b[1mauth\u001b[22m function initialized."}}
[info] 
┌─────────────────────────────────────────────────────────────┐
│ ✔  All emulators ready! It is now safe to connect your app. │
│ i  View Emulator UI at http://localhost:4000                │
└─────────────────────────────────────────────────────────────┘

┌───────────┬────────────────┬─────────────────────────────────┐
│ Emulator  │ Host:Port      │ View in Emulator UI             │
├───────────┼────────────────┼─────────────────────────────────┤
│ Functions │ localhost:5001 │ http://localhost:4000/functions │
└───────────┴────────────────┴─────────────────────────────────┘
  Emulator Hub running at localhost:4400
  Other reserved ports: 4500

Issues? Report them at https://github.com/firebase/firebase-tools/issues and attach the *-debug.log files.
 
[debug] [2021-12-16T11:04:39.218Z] [worker-~diagnostic~-c96a26e7-ac58-4186-b631-f93e25b55ea0]: IDLE {"metadata":{"emulator":{"name":"functions"},"message":"[worker-~diagnostic~-c96a26e7-ac58-4186-b631-f93e25b55ea0]: IDLE"}}
